Arguments: 
  C:\Program Files\nodejs\node.exe C:\Users\Admin\AppData\Roaming\npm\node_modules\yarn\bin\yarn.js add expo-cli

PATH: 
  C:\Windows\system32;C:\Windows;C:\Windows\System32\Wbem;C:\Windows\System32\WindowsPowerShell\v1.0\;C:\Windows\System32\OpenSSH\;C:\Program Files\nodejs\;C:\Program Files\Git\cmd;C:\Users\Admin\AppData\Local\Microsoft\WindowsApps;C:\Users\Admin\AppData\Roaming\npm;C:\Users\Admin\AppData\Local\Programs\Microsoft VS Code\bin

Yarn version: 
  1.17.3

Node version: 
  10.16.1

Platform: 
  win32 x64

Trace: 
  Error: EPERM: operation not permitted, unlink 'C:\Users\Admin\dlite4\dLite3\node_modules\@expo\.xdl.DELETE\binaries\windows\adb\AdbWinApi.dll'

npm manifest: 
  {
    "main": "node_modules/expo/AppEntry.js",
    "scripts": {
      "start": "expo start",
      "android": "expo start --android",
      "ios": "expo start --ios",
      "eject": "expo eject"
    },
    "dependencies": {
      "@babel/core": "^7.5.5",
      "axios": "^0.18.0",
      "babel-core": "^6.26.3",
      "babel-preset-env": "^1.7.0",
      "base64-img": "^1.0.4",
      "buffer": "^5.2.1",
      "exp": "^57.2.1",
      "expo": "^33.0.0",
      "expo-cli": "^3.0.8",
      "global": "^4.4.0",
      "image-to-base64": "^2.0.1",
      "react": "16.8.3",
      "react-native": "https://github.com/expo/react-native/archive/sdk-33.0.0.tar.gz",
      "react-native-auto-height-image": "^1.1.0",
      "react-native-base64": "^0.0.2",
      "react-native-elements": "^1.0.0",
      "react-native-header-scroll-view": "^2.0.0",
      "react-native-image-base64": "^0.1.3",
      "react-native-image-picker": "^1.0.2",
      "react-native-image-picker-form": "^0.2.5",
      "react-native-keyboard-aware-scroll-view": "^0.8.0",
      "react-native-maps": "^0.25.0",
      "react-native-masonry-list": "^2.13.0",
      "react-native-material-textfield": "^0.12.0",
      "react-native-modal-overlay": "^1.3.1",
      "react-navigation": "^3.11.1",
      "react-navigation-backhandler": "^1.3.2",
      "react-navigation-fluid-transitions": "^0.3.2",
      "react-navigation-transitions": "^1.0.12",
      "tcomb-form-native": "^0.6.20",
      "uuid": "^3.3.2"
    },
    "devDependencies": {
      "@expo/vector-icons": "^9.0.0",
      "babel-preset-expo": "^5.0.0"
    },
    "private": true
  }

yarn manifest: 
  No manifest

Lockfile: 
  No lockfile
